<?xml version="1.0" encoding="UTF-8"?>
<!-- Generated by org.testng.reporters.JUnitReportReporter -->
<testsuite hostname="DESKTOP-C4OQOSI" failures="0" tests="1" name="testcases.SIT_testcases" time="2.681" errors="0" timestamp="13 Jul 2024 09:29:17 GMT">
  <testcase classname="testcases.SIT_testcases" name="TC01" time="2.681"/>
</testsuite> <!-- testcases.SIT_testcases -->
